D:\paul\16apr-lab8-SD-APM\16apr-lab8-SD-APM\Debug\16apr-lab8-SD-APM.exe.embed.manifest
D:\PAUL\16APR-LAB8-SD-APM\16APR-LAB8-SD-APM\DEBUG\16APR-LAB8-SD-APM.EXE.EMBED.MANIFEST.RES
D:\PAUL\16APR-LAB8-SD-APM\16APR-LAB8-SD-APM\DEBUG\16APR-LAB8-SD-APM.EXE.INTERMEDIATE.MANIFEST
D:\paul\16apr-lab8-SD-APM\16apr-lab8-SD-APM\Debug\16apr-lab8-SD-APM.vcxprojResolveAssemblyReference.cache
D:\paul\16apr-lab8-SD-APM\16apr-lab8-SD-APM\Debug\16apr-lab8-SD-APM.write.1.tlog
D:\paul\16apr-lab8-SD-APM\16apr-lab8-SD-APM\Debug\16apr-lab8-SD-APM_manifest.rc
D:\paul\16apr-lab8-SD-APM\16apr-lab8-SD-APM\Debug\cl.command.1.tlog
D:\paul\16apr-lab8-SD-APM\16apr-lab8-SD-APM\Debug\CL.read.1.tlog
D:\paul\16apr-lab8-SD-APM\16apr-lab8-SD-APM\Debug\CL.write.1.tlog
D:\PAUL\16APR-LAB8-SD-APM\16APR-LAB8-SD-APM\DEBUG\KRUSKAL.OBJ
D:\paul\16apr-lab8-SD-APM\16apr-lab8-SD-APM\Debug\link.command.1.tlog
D:\paul\16apr-lab8-SD-APM\16apr-lab8-SD-APM\Debug\link.read.1.tlog
D:\paul\16apr-lab8-SD-APM\16apr-lab8-SD-APM\Debug\link.write.1.tlog
D:\paul\16apr-lab8-SD-APM\16apr-lab8-SD-APM\Debug\mt.command.1.tlog
D:\paul\16apr-lab8-SD-APM\16apr-lab8-SD-APM\Debug\mt.read.1.tlog
D:\paul\16apr-lab8-SD-APM\16apr-lab8-SD-APM\Debug\mt.write.1.tlog
D:\paul\16apr-lab8-SD-APM\16apr-lab8-SD-APM\Debug\rc.command.1.tlog
D:\paul\16apr-lab8-SD-APM\16apr-lab8-SD-APM\Debug\rc.read.1.tlog
D:\paul\16apr-lab8-SD-APM\16apr-lab8-SD-APM\Debug\rc.write.1.tlog
D:\paul\16apr-lab8-SD-APM\16apr-lab8-SD-APM\Debug\vc100.idb
D:\PAUL\16APR-LAB8-SD-APM\16APR-LAB8-SD-APM\DEBUG\VC100.PDB
D:\PAUL\16APR-LAB8-SD-APM\DEBUG\16APR-LAB8-SD-APM.EXE
D:\PAUL\16APR-LAB8-SD-APM\DEBUG\16APR-LAB8-SD-APM.ILK
D:\PAUL\16APR-LAB8-SD-APM\DEBUG\16APR-LAB8-SD-APM.PDB
